<?xml version="1.0" encoding="UTF-8"?>
<testng-results ignored="0" total="3" passed="3" failed="0" skipped="0">
  <reporter-output>
  </reporter-output>
  <suite started-at="2019-11-20T10:00:58 CST" name="Suite" finished-at="2019-11-20T10:01:32 CST" duration-ms="34169">
    <groups>
    </groups>
    <test started-at="2019-11-20T10:00:58 CST" name="Test" finished-at="2019-11-20T10:01:32 CST" duration-ms="34169">
      <class name="tests.ProductDetailPageTest">
        <test-method is-config="true" signature="setUp()[pri:0, instance:tests.ProductDetailPageTest@7a4ccb53]" started-at="2019-11-20T10:00:58 CST" name="setUp" finished-at="2019-11-20T10:01:08 CST" duration-ms="9935" status="PASS">
          <reporter-output>
          </reporter-output>
        </test-method> <!-- setUp -->
        <test-method is-config="true" signature="getIt()[pri:0, instance:tests.ProductDetailPageTest@7a4ccb53]" started-at="2019-11-20T10:01:08 CST" name="getIt" finished-at="2019-11-20T10:01:31 CST" duration-ms="22847" status="PASS">
          <reporter-output>
          </reporter-output>
        </test-method> <!-- getIt -->
        <test-method signature="colorChange()[pri:0, instance:tests.ProductDetailPageTest@7a4ccb53]" started-at="2019-11-20T10:01:31 CST" name="colorChange" finished-at="2019-11-20T10:01:31 CST" duration-ms="475" status="PASS">
          <reporter-output>
          </reporter-output>
        </test-method> <!-- colorChange -->
        <test-method signature="goToPDP()[pri:0, instance:tests.ProductDetailPageTest@7a4ccb53]" started-at="2019-11-20T10:01:31 CST" name="goToPDP" finished-at="2019-11-20T10:01:31 CST" duration-ms="27" status="PASS">
          <reporter-output>
          </reporter-output>
        </test-method> <!-- goToPDP -->
        <test-method is-config="true" signature="tearDown()[pri:0, instance:tests.ProductDetailPageTest@7a4ccb53]" started-at="2019-11-20T10:01:31 CST" name="tearDown" finished-at="2019-11-20T10:01:32 CST" duration-ms="866" status="PASS">
          <reporter-output>
          </reporter-output>
        </test-method> <!-- tearDown -->
      </class> <!-- tests.ProductDetailPageTest -->
      <class name="tests.HomePageTest">
        <test-method is-config="true" signature="setUp()[pri:0, instance:tests.HomePageTest@309e345f]" started-at="2019-11-20T10:00:58 CST" name="setUp" finished-at="2019-11-20T10:01:08 CST" duration-ms="9941" status="PASS">
          <reporter-output>
          </reporter-output>
        </test-method> <!-- setUp -->
        <test-method is-config="true" signature="getDriver()[pri:0, instance:tests.HomePageTest@309e345f]" started-at="2019-11-20T10:01:08 CST" name="getDriver" finished-at="2019-11-20T10:01:15 CST" duration-ms="7171" status="PASS">
          <reporter-output>
          </reporter-output>
        </test-method> <!-- getDriver -->
        <test-method signature="checkViewCaption()[pri:0, instance:tests.HomePageTest@309e345f]" started-at="2019-11-20T10:01:15 CST" name="checkViewCaption" finished-at="2019-11-20T10:01:28 CST" duration-ms="12773" status="PASS">
          <reporter-output>
          </reporter-output>
        </test-method> <!-- checkViewCaption -->
        <test-method is-config="true" signature="tearDown()[pri:0, instance:tests.HomePageTest@309e345f]" started-at="2019-11-20T10:01:28 CST" name="tearDown" finished-at="2019-11-20T10:01:29 CST" duration-ms="1312" status="PASS">
          <reporter-output>
          </reporter-output>
        </test-method> <!-- tearDown -->
      </class> <!-- tests.HomePageTest -->
    </test> <!-- Test -->
  </suite> <!-- Suite -->
</testng-results>
