<?xml version="1.0" encoding="UTF-8"?>
<!-- Generated by org.testng.reporters.JUnitXMLReporter -->
<testsuite ignored="0" hostname="DESKTOP-T1CFI85" failures="0" tests="3" name="Test" time="34.169" errors="0" timestamp="2019-11-20T10:01:32 CST">
  <testcase classname="tests.HomePageTest" name="checkViewCaption" time="12.773"/>
  <testcase classname="tests.ProductDetailPageTest" name="colorChange" time="0.475"/>
  <testcase classname="tests.ProductDetailPageTest" name="goToPDP" time="0.027"/>
</testsuite> <!-- Test -->
